[debug] [2023-08-11T02:15:34.897Z] ----------------------------------------------------------------------
[debug] [2023-08-11T02:15:34.899Z] Command:       /usr/local/bin/node /usr/local/bin/firebase init
[debug] [2023-08-11T02:15:34.899Z] CLI Version:   12.4.7
[debug] [2023-08-11T02:15:34.899Z] Platform:      darwin
[debug] [2023-08-11T02:15:34.899Z] Node Version:  v20.4.0
[debug] [2023-08-11T02:15:34.899Z] Time:          Thu Aug 10 2023 23:15:34 GMT-0300 (Atlantic Daylight Time)
[debug] [2023-08-11T02:15:34.899Z] ----------------------------------------------------------------------
[debug] 
[debug] [2023-08-11T02:15:34.902Z] > command requires scopes: ["email","openid","https://www.googleapis.com/auth/cloudplatformprojects.readonly","https://www.googleapis.com/auth/firebase","https://www.googleapis.com/auth/cloud-platform"]
[debug] [2023-08-11T02:15:34.902Z] > authorizing via signed-in user (singhamazondelivery@gmail.com)
[info] 
     ######## #### ########  ######## ########     ###     ######  ########
     ##        ##  ##     ## ##       ##     ##  ##   ##  ##       ##
     ######    ##  ########  ######   ########  #########  ######  ######
     ##        ##  ##    ##  ##       ##     ## ##     ##       ## ##
     ##       #### ##     ## ######## ########  ##     ##  ######  ########

You're about to initialize a Firebase project in this directory:

  /Users/amritpalsingh/Desktop/carpenter-website-template

[info] 
=== Project Setup
[info] 
[info] First, let's associate this project directory with a Firebase project.
[info] You can create multiple project aliases by running firebase use --add, 
[info] but for now we'll just set up a default project.
[info] 
[debug] [2023-08-11T02:15:43.910Z] >>> [apiv2][query] GET https://firebase.googleapis.com/v1beta1/projects pageSize=100
[debug] [2023-08-11T02:15:44.405Z] <<< [apiv2][status] GET https://firebase.googleapis.com/v1beta1/projects 200
[debug] [2023-08-11T02:15:44.405Z] <<< [apiv2][body] GET https://firebase.googleapis.com/v1beta1/projects [omitted]
[info] i  Using project jani-scrub (JANI SCRUB) 
[info] 
=== Hosting Setup
[info] 
[info] Your public directory is the folder (relative to your project directory) that
[info] will contain Hosting assets to be uploaded with firebase deploy. If you
[info] have a build process for your assets, use your build's output directory.
[info] 
